{"C:\\Users\\Administrator\\Desktop\\webpack学习\\my-project\\bulider-webpack\\lib\\webpack.base.js":{"path":"C:\\Users\\Administrator\\Desktop\\webpack学习\\my-project\\bulider-webpack\\lib\\webpack.base.js","statementMap":{"0":{"start":{"line":1,"column":13},"end":{"line":1,"column":28}},"1":{"start":{"line":2,"column":13},"end":{"line":2,"column":28}},"2":{"start":{"line":3,"column":11},"end":{"line":3,"column":24}},"3":{"start":{"line":4,"column":31},"end":{"line":4,"column":62}},"4":{"start":{"line":5,"column":26},"end":{"line":5,"column":56}},"5":{"start":{"line":6,"column":29},"end":{"line":6,"column":63}},"6":{"start":{"line":8,"column":20},"end":{"line":8,"column":33}},"7":{"start":{"line":10,"column":19},"end":{"line":10,"column":40}},"8":{"start":{"line":12,"column":15},"end":{"line":54,"column":1}},"9":{"start":{"line":13,"column":16},"end":{"line":15,"column":3}},"10":{"start":{"line":16,"column":28},"end":{"line":16,"column":30}},"11":{"start":{"line":17,"column":21},"end":{"line":17,"column":49}},"12":{"start":{"line":18,"column":2},"end":{"line":49,"column":5}},"13":{"start":{"line":19,"column":22},"end":{"line":19,"column":60}},"14":{"start":{"line":20,"column":4},"end":{"line":20,"column":60}},"15":{"start":{"line":21,"column":4},"end":{"line":48,"column":6}},"16":{"start":{"line":50,"column":2},"end":{"line":53,"column":4}},"17":{"start":{"line":55,"column":37},"end":{"line":55,"column":45}},"18":{"start":{"line":57,"column":0},"end":{"line":141,"column":2}}},"fnMap":{"0":{"name":"(anonymous_0)","decl":{"start":{"line":12,"column":15},"end":{"line":12,"column":16}},"loc":{"start":{"line":12,"column":21},"end":{"line":54,"column":1}},"line":12},"1":{"name":"(anonymous_1)","decl":{"start":{"line":18,"column":21},"end":{"line":18,"column":22}},"loc":{"start":{"line":18,"column":36},"end":{"line":49,"column":3}},"line":18}},"branchMap":{},"s":{"0":1,"1":1,"2":1,"3":1,"4":1,"5":1,"6":1,"7":1,"8":1,"9":1,"10":1,"11":1,"12":1,"13":2,"14":2,"15":2,"16":1,"17":1,"18":1},"f":{"0":1,"1":2},"b":{},"_coverageSchema":"1a1c01bbd47fc00a2c39e90264f33305004495a9","hash":"d91504573ff7a3e1542cb45f4db9fe9fe9f870a0","contentHash":"b338755695573e85e0dddaace3d29ee6e3e9e8c6935d9381e0c1a57df13ecf8f"}}